<?xml version="1.0" encoding="UTF-8"?>
<testsuite name="guru.qa.tests.TestPracticeForm" tests="1" skipped="0" failures="0" errors="0" timestamp="2022-04-09T10:17:49" hostname="NTB-NEDRA136" time="4.809">
  <properties/>
  <testcase name="fillFormTest()" classname="guru.qa.tests.TestPracticeForm" time="4.809"/>
  <system-out><![CDATA[]]></system-out>
  <system-err><![CDATA[[Test worker] INFO com.codeborne.selenide.impl.WebDriverThreadLocalContainer - No webdriver is bound to current thread: 14 - let's create a new webdriver
[Test worker] INFO com.codeborne.selenide.impl.FileHelper - Creating folder: C:\Users\Natalya.Kadysheva\IdeaProjects\QA Guru\demoqa-homework\build\downloads\1649499469811_36040_14
[Test worker] INFO io.github.bonigarcia.wdm.WebDriverManager - Using chromedriver 100.0.4896.60 (resolved driver for Chrome 100)
[Test worker] INFO io.github.bonigarcia.wdm.WebDriverManager - Exporting webdriver.chrome.driver as C:\Users\Natalya.Kadysheva\.cache\selenium\chromedriver\win32\100.0.4896.60\chromedriver.exe
Starting ChromeDriver 100.0.4896.60 (6a5d10861ce8de5fce22564658033b43cb7de047-refs/branch-heads/4896@{#875}) on port 63573
Only local connections are allowed.
Please see https://chromedriver.chromium.org/security-considerations for suggestions on keeping ChromeDriver safe.
ChromeDriver was started successfully.
Apr 09, 2022 1:17:52 PM org.openqa.selenium.remote.ProtocolHandshake createSession
INFO: Detected dialect: W3C
Apr 09, 2022 1:17:52 PM org.openqa.selenium.devtools.CdpVersionFinder findNearestMatch
WARNING: Unable to find an exact match for CDP version 100, so returning the closest version found: 97
Apr 09, 2022 1:17:52 PM org.openqa.selenium.devtools.CdpVersionFinder findNearestMatch
INFO: Found CDP implementation for version 100 of 97
[Test worker] INFO com.codeborne.selenide.webdriver.HttpClientTimeouts - Changed connectTimeout from PT10S to PT10S
[Test worker] INFO com.codeborne.selenide.webdriver.HttpClientTimeouts - Changed readTimeout from PT1M30S to PT1M30S
[Test worker] INFO com.codeborne.selenide.webdriver.BrowserResizer - Set browser size to 1900x1080
[Test worker] INFO com.codeborne.selenide.webdriver.WebDriverFactory - BrowserName=chrome Version=100.0.4896.75 Platform=WINDOWS
[Test worker] INFO com.codeborne.selenide.webdriver.WebDriverFactory - Selenide v. 6.3.5
[Test worker] INFO com.codeborne.selenide.webdriver.WebDriverFactory - Selenium WebDriver v. 4.1.2 build revision: 9a5a329c5a
[Test worker] INFO com.codeborne.selenide.drivercommands.CreateDriverCommand - Created webdriver in thread 14: ChromeDriver -> ChromeDriver: chrome on WINDOWS (f76401be99f26d405831d799cd1ecc73)
[Test worker] INFO com.codeborne.selenide.impl.WebDriverThreadLocalContainer - Browser and proxy will stay open due to holdBrowserOpen=true: 14 -> ChromeDriver: chrome on WINDOWS (f76401be99f26d405831d799cd1ecc73), null
]]></system-err>
</testsuite>
